<?xml version="1.0" encoding="UTF-8"?>
<!-- Generated by org.testng.reporters.JUnitReportReporter -->
<testsuite hostname="LT-1136" name="ExecuteExcelTest" tests="1" failures="0" timestamp="18 Sep 2019 12:19:59 GMT" time="0.603" errors="0">
  <testcase name="exc" time="0.603" classname="ExecuteExcelTest"/>
</testsuite> <!-- ExecuteExcelTest -->
