<?xml version="1.0" encoding="UTF-8"?>
<!-- Generated by org.testng.reporters.JUnitReportReporter -->
<testsuite name="com.crm.tests.TC_Calender_001" tests="1" time="13.644" ignored="0" failures="0" timestamp="18 Jul 2019 11:51:11 GMT" skipped="0" hostname="LT-1136" errors="0">
  <testcase name="CalenderTest" time="13.644" classname="com.crm.tests.TC_Calender_001"/>
</testsuite> <!-- com.crm.tests.TC_Calender_001 -->
