<?xml version="1.0" encoding="UTF-8"?>
<!-- Generated by org.testng.reporters.JUnitReportReporter -->
<testsuite name="com.crm.tests.TC_Homepage_001" tests="1" time="35.842" ignored="0" failures="0" timestamp="22 Jul 2019 06:11:34 GMT" skipped="0" hostname="LT-1136" errors="0">
  <testcase name="VerifyHomePageTitle" time="35.842" classname="com.crm.tests.TC_Homepage_001"/>
</testsuite> <!-- com.crm.tests.TC_Homepage_001 -->
