<?xml version="1.0" encoding="UTF-8"?>
<!-- Generated by org.testng.reporters.JUnitReportReporter -->
<testsuite name="com.crm.tests.TC_Contacts_001" tests="1" time="0.000" ignored="0" failures="0" timestamp="22 Jul 2019 06:11:34 GMT" skipped="1" hostname="LT-1136" errors="0">
  <testcase name="createNewContact" time="0.000" classname="com.crm.tests.TC_Contacts_001">
    <skipped/>
  </testcase> <!-- createNewContact -->
</testsuite> <!-- com.crm.tests.TC_Contacts_001 -->
