<?xml version="1.0" encoding="UTF-8"?>
<!-- Generated by org.testng.reporters.JUnitReportReporter -->
<testsuite name="com.guru.testcases.TC_loginpage_002" tests="1" time="0.000" ignored="0" failures="0" timestamp="25 Jun 2019 07:16:55 GMT" skipped="1" hostname="LT-1136" errors="0">
  <testcase name="loginTest" time="0.000" classname="com.guru.testcases.TC_loginpage_002">
    <skipped/>
  </testcase> <!-- loginTest -->
</testsuite> <!-- com.guru.testcases.TC_loginpage_002 -->
