<?xml version="1.0" encoding="UTF-8"?>
<!-- Generated by org.testng.reporters.JUnitReportReporter -->
<testsuite name="com.guru.testcases.TC_loginpage_001" tests="1" time="7.447" ignored="0" failures="0" timestamp="24 Jun 2019 10:57:50 GMT" skipped="0" hostname="LT-1136" errors="0">
  <testcase name="loginTest" time="7.447" classname="com.guru.testcases.TC_loginpage_001"/>
</testsuite> <!-- com.guru.testcases.TC_loginpage_001 -->
