<?xml version="1.0" encoding="UTF-8"?>
<!-- Generated by org.testng.reporters.JUnitReportReporter -->
<testsuite hostname="LT-1136" name="annotations.Day2" tests="1" failures="0" timestamp="7 Aug 2019 13:31:56 GMT" time="0.002" errors="0">
  <testcase name="BooktheBus" time="0.002" classname="annotations.Day2"/>
</testsuite> <!-- annotations.Day2 -->
