<?xml version="1.0" encoding="UTF-8"?>
<!-- Generated by org.testng.reporters.JUnitReportReporter -->
<testsuite hostname="LT-1136" name="annotations.DependsExample" tests="3" failures="0" timestamp="7 Aug 2019 13:31:57 GMT" time="0.011" errors="0">
  <testcase name="Bookthefilght" time="0.002" classname="annotations.DependsExample"/>
  <testcase name="loginfilght" time="0.008" classname="annotations.DependsExample"/>
  <testcase name="Closetheflightapplication" time="0.001" classname="annotations.DependsExample"/>
</testsuite> <!-- annotations.DependsExample -->
