<?xml version="1.0" encoding="UTF-8"?>
<!-- Generated by org.testng.reporters.JUnitReportReporter -->
<testsuite skipped="0" hostname="LT-1333" name="WebTables.WebtableAndCalendersConcept" tests="1" failures="0" timestamp="2019-11-19T15:15:44 IST" time="5.404" errors="0">
  <testcase name="table" time="5.404" classname="WebTables.WebtableAndCalendersConcept"/>
</testsuite> <!-- WebTables.WebtableAndCalendersConcept -->
