<?xml version="1.0" encoding="UTF-8"?>
<!-- Generated by org.testng.reporters.JUnitReportReporter -->
<testsuite hostname="LT-1136" name="Naveen.Highlighting" tests="1" failures="0" timestamp="12 Jul 2019 06:49:00 GMT" time="13.326" errors="0">
  <testcase name="highlighttheelementforsometime" time="13.326" classname="Naveen.Highlighting"/>
</testsuite> <!-- Naveen.Highlighting -->
