<?xml version="1.0" encoding="UTF-8"?>
<!-- Generated by org.testng.reporters.JUnitReportReporter -->
<testsuite hostname="LT-1136" name="Log.Basics" tests="1" failures="0" timestamp="12 Jun 2019 06:45:16 GMT" time="0.025" errors="0">
  <testcase name="demo" time="0.025" classname="Log.Basics"/>
</testsuite> <!-- Log.Basics -->
