<?xml version="1.0" encoding="UTF-8"?>
<!-- Generated by org.testng.reporters.JUnitReportReporter -->
<testsuite hostname="LT-1136" name="annotations.Day3" tests="3" failures="0" timestamp="7 Aug 2019 13:31:57 GMT" time="0.005" errors="0">
  <testcase name="loginCar" time="0.001" classname="annotations.Day3"/>
  <testcase name="BooktheBus" time="0.002" classname="annotations.Day3"/>
  <testcase name="ClosetheBusapplication" time="0.002" classname="annotations.Day3"/>
</testsuite> <!-- annotations.Day3 -->
