<?xml version="1.0" encoding="UTF-8"?>
<!-- Generated by org.testng.reporters.JUnitReportReporter -->
<testsuite hostname="LT-1136" name="annotations.Day4" tests="2" failures="0" timestamp="7 Aug 2019 13:31:57 GMT" time="0.007" errors="0">
  <testcase name="sleep" time="0.003" classname="annotations.Day4"/>
  <testcase name="eat" time="0.004" classname="annotations.Day4"/>
</testsuite> <!-- annotations.Day4 -->
