<?xml version="1.0" encoding="UTF-8"?>
<!-- Generated by org.testng.reporters.JUnitReportReporter -->
<testsuite hostname="LT-1136" name="Naveen.javaExecutorCommands" tests="1" failures="0" timestamp="18 Sep 2019 08:26:21 GMT" time="15.000" errors="0">
  <testcase name="javaCommands" time="15.000" classname="Naveen.javaExecutorCommands"/>
</testsuite> <!-- Naveen.javaExecutorCommands -->
