<?xml version="1.0" encoding="UTF-8"?>
<!-- Generated by org.testng.reporters.JUnitReportReporter -->
<testsuite hostname="LT-1136" name="annotations.Day5" tests="3" failures="0" timestamp="7 Aug 2019 13:31:57 GMT" time="0.011" errors="0">
  <testcase name="sleep" time="0.002" classname="annotations.Day5"/>
  <testcase name="drink" time="0.004" classname="annotations.Day5"/>
  <testcase name="eat" time="0.005" classname="annotations.Day5"/>
</testsuite> <!-- annotations.Day5 -->
