<?xml version="1.0" encoding="UTF-8"?>
<!-- Generated by org.testng.reporters.JUnitReportReporter -->
<testsuite hostname="LT-1136" name="WebTables.Calenders" tests="1" failures="0" timestamp="2 Jul 2019 11:20:43 GMT" time="16.931" errors="0">
  <testcase name="calender" time="16.931" classname="WebTables.Calenders"/>
</testsuite> <!-- WebTables.Calenders -->
