<?xml version="1.0" encoding="UTF-8"?>
<!-- Generated by org.testng.reporters.JUnitReportReporter -->
<testsuite hostname="LT-1136" name="Naveen.Upload_File" tests="1" failures="0" timestamp="8 Aug 2019 07:07:59 GMT" time="25.912" errors="0">
  <testcase name="upload" time="25.912" classname="Naveen.Upload_File"/>
</testsuite> <!-- Naveen.Upload_File -->
