<?xml version="1.0" encoding="UTF-8"?>
<!-- Generated by org.testng.reporters.JUnitReportReporter -->
<testsuite skipped="0" hostname="LT-1333" name="annotations.Day6" tests="11" failures="0" timestamp="2019-11-21T16:43:01 IST" time="0.043" errors="0">
  <testcase name="in" time="0.001" classname="annotations.Day6"/>
  <testcase name="in" time="0.003" classname="annotations.Day6"/>
  <testcase name="day61" time="0.014" classname="annotations.Day6"/>
  <testcase name="in" time="0.004" classname="annotations.Day6"/>
  <testcase name="in" time="0.002" classname="annotations.Day6"/>
  <testcase name="in" time="0.004" classname="annotations.Day6"/>
  <testcase name="in" time="0.002" classname="annotations.Day6"/>
  <testcase name="in" time="0.003" classname="annotations.Day6"/>
  <testcase name="in" time="0.004" classname="annotations.Day6"/>
  <testcase name="in" time="0.002" classname="annotations.Day6"/>
  <testcase name="in" time="0.004" classname="annotations.Day6"/>
</testsuite> <!-- annotations.Day6 -->
