<?xml version="1.0" encoding="UTF-8"?>
<!-- Generated by org.testng.reporters.JUnitReportReporter -->
<testsuite hostname="LT-1136" name="WebTables.webtableforcount" tests="1" failures="0" timestamp="2 Jul 2019 10:14:01 GMT" time="14.660" errors="0">
  <testcase name="table" time="14.660" classname="WebTables.webtableforcount"/>
</testsuite> <!-- WebTables.webtableforcount -->
