<?xml version="1.0" encoding="UTF-8"?>
<!-- Generated by org.testng.reporters.JUnitReportReporter -->
<testsuite hostname="LT-1136" name="udemyBasics.Calenders" tests="2" failures="0" timestamp="31 May 2019 12:10:38 GMT" time="22.406" errors="0">
  <testcase name="cal" time="22.405" classname="udemyBasics.Calenders"/>
  <testcase name="cal1" time="0.001" classname="udemyBasics.Calenders"/>
</testsuite> <!-- udemyBasics.Calenders -->
