<?xml version="1.0" encoding="UTF-8"?>
<!-- Generated by org.testng.reporters.JUnitReportReporter -->
<testsuite hostname="LT-1136" name="annotations.Day1" tests="3" failures="0" timestamp="7 Aug 2019 13:31:57 GMT" time="0.016" errors="0">
  <testcase name="loginfilght" time="0.003" classname="annotations.Day1"/>
  <testcase name="Bookthefilght" time="0.008" classname="annotations.Day1"/>
  <testcase name="Closetheflightapplication" time="0.005" classname="annotations.Day1"/>
</testsuite> <!-- annotations.Day1 -->
