<?xml version="1.0" encoding="UTF-8"?>
<!-- Generated by org.testng.reporters.JUnitReportReporter -->
<testsuite hostname="LT-1136" name="WebTables.WebtableAndCalendersConcept" tests="1" failures="0" timestamp="15 Jul 2019 06:42:58 GMT" time="164.604" errors="0">
  <testcase name="table" time="164.604" classname="WebTables.WebtableAndCalendersConcept"/>
</testsuite> <!-- WebTables.WebtableAndCalendersConcept -->
