<?xml version="1.0" encoding="UTF-8"?>
<!-- Generated by org.testng.reporters.JUnitReportReporter -->
<testsuite hostname="LT-1136" name="annotations.Day6" tests="11" failures="0" timestamp="7 Aug 2019 13:31:57 GMT" time="0.060" errors="0">
  <testcase name="in" time="0.009" classname="annotations.Day6"/>
  <testcase name="in" time="0.005" classname="annotations.Day6"/>
  <testcase name="in" time="0.014" classname="annotations.Day6"/>
  <testcase name="in" time="0.002" classname="annotations.Day6"/>
  <testcase name="in" time="0.002" classname="annotations.Day6"/>
  <testcase name="in" time="0.002" classname="annotations.Day6"/>
  <testcase name="in" time="0.002" classname="annotations.Day6"/>
  <testcase name="in" time="0.001" classname="annotations.Day6"/>
  <testcase name="day61" time="0.009" classname="annotations.Day6"/>
  <testcase name="in" time="0.007" classname="annotations.Day6"/>
  <testcase name="in" time="0.007" classname="annotations.Day6"/>
</testsuite> <!-- annotations.Day6 -->
