<?xml version="1.0" encoding="UTF-8"?>
<!-- Generated by org.testng.reporters.JUnitReportReporter -->
<testsuite hostname="LT-1136" name="WebTables.webtable" tests="1" failures="0" timestamp="12 Jul 2019 10:04:43 GMT" time="43.961" errors="0">
  <testcase name="table" time="43.961" classname="WebTables.webtable"/>
</testsuite> <!-- WebTables.webtable -->
