<?xml version="1.0" encoding="UTF-8"?>
<!-- Generated by org.testng.reporters.JUnitReportReporter -->
<testsuite skipped="0" hostname="LT-1333" name="annotations.Parameterclass" tests="1" failures="0" timestamp="2019-11-21T16:06:57 IST" time="17.094" errors="0">
  <testcase name="par" time="17.094" classname="annotations.Parameterclass"/>
</testsuite> <!-- annotations.Parameterclass -->
