<?xml version="1.0" encoding="UTF-8"?>
<!-- Generated by org.testng.reporters.JUnitReportReporter -->
<testsuite skipped="0" hostname="LT-1333" name="annotations.Day1" tests="4" failures="0" timestamp="2020-01-09T16:59:05 IST" time="0.022" errors="0">
  <testcase name="Bookthefilght" time="0.010" classname="annotations.Day1"/>
  <testcase name="loginfilght" time="0.003" classname="annotations.Day1"/>
  <testcase name="Bookthefilght1" time="0.004" classname="annotations.Day1"/>
  <testcase name="Closetheflightapplication" time="0.005" classname="annotations.Day1"/>
</testsuite> <!-- annotations.Day1 -->
