<?xml version="1.0" encoding="UTF-8"?>
<!-- Generated by org.testng.reporters.JUnitReportReporter -->
<testsuite skipped="0" hostname="LT-1333" name="annotations.Day2" tests="1" failures="0" timestamp="2020-01-09T16:59:05 IST" time="0.002" errors="0">
  <testcase name="BooktheBus" time="0.002" classname="annotations.Day2"/>
</testsuite> <!-- annotations.Day2 -->
