<?xml version="1.0" encoding="UTF-8"?>
<!-- Generated by org.testng.reporters.JUnitReportReporter -->
<testsuite hostname="LT-1136" name="readExcelData.DataDrivenExcel" tests="2" failures="0" timestamp="19 Jun 2019 07:36:29 GMT" time="29.665" errors="0">
  <testcase name="loginwordpress" time="19.706" classname="readExcelData.DataDrivenExcel"/>
  <testcase name="loginwordpress" time="9.959" classname="readExcelData.DataDrivenExcel"/>
</testsuite> <!-- readExcelData.DataDrivenExcel -->
