<?xml version="1.0" encoding="UTF-8"?>
<!-- Generated by org.testng.reporters.JUnitReportReporter -->
<testsuite hostname="LT-1136" name="annotations.EnabledExampleandtimeout" tests="2" failures="0" timestamp="7 Aug 2019 13:31:57 GMT" time="0.038" errors="0">
  <testcase name="loginfilght" time="0.003" classname="annotations.EnabledExampleandtimeout"/>
  <testcase name="Closetheflightapplication" time="0.035" classname="annotations.EnabledExampleandtimeout"/>
</testsuite> <!-- annotations.EnabledExampleandtimeout -->
