<?xml version="1.0" encoding="UTF-8"?>
<!-- Generated by org.testng.reporters.JUnitReportReporter -->
<testsuite skipped="0" hostname="LT-1333" name="JnJMater_Payloads.FinalPayload" tests="1" failures="0" timestamp="2019-12-30T10:50:14 IST" time="0.033" errors="0">
  <testcase name="testload" time="0.033" classname="JnJMater_Payloads.FinalPayload"/>
</testsuite> <!-- JnJMater_Payloads.FinalPayload -->
