<?xml version="1.0" encoding="UTF-8"?>
<!-- Generated by org.testng.reporters.JUnitReportReporter -->
<testsuite skipped="0" hostname="LT-1333" name="JnJMasters.TC_GetSecutityToken" tests="1" failures="0" timestamp="2019-10-29T16:27:11 IST" time="2.211" errors="0">
  <testcase name="getSecutityToken" time="2.211" classname="JnJMasters.TC_GetSecutityToken"/>
</testsuite> <!-- JnJMasters.TC_GetSecutityToken -->
