<?xml version="1.0" encoding="UTF-8"?>
<!-- Generated by org.testng.reporters.JUnitReportReporter -->
<testsuite skipped="0" hostname="LT-1333" name="JnJMasters.TC_Add_Warehouse_Stock" tests="1" failures="0" timestamp="2019-10-24T12:05:42 IST" time="3.395" errors="0">
  <testcase name="addstock" time="3.395" classname="JnJMasters.TC_Add_Warehouse_Stock"/>
</testsuite> <!-- JnJMasters.TC_Add_Warehouse_Stock -->
