<?xml version="1.0" encoding="UTF-8"?>
<!-- Generated by org.testng.reporters.JUnitReportReporter -->
<testsuite skipped="0" hostname="LT-1333" name="JnJMaster_TestCases.SalesReturn" tests="2" failures="0" timestamp="2019-12-26T12:31:20 IST" time="11.576" errors="0">
  <testcase name="insertSalesReturn" time="2.520" classname="JnJMaster_TestCases.SalesReturn"/>
  <testcase name="insertSalesReturn" time="9.056" classname="JnJMaster_TestCases.SalesReturn"/>
</testsuite> <!-- JnJMaster_TestCases.SalesReturn -->
