<?xml version="1.0" encoding="UTF-8"?>
<!-- Generated by org.testng.reporters.JUnitReportReporter -->
<testsuite skipped="0" hostname="LT-1333" name="JnJMater_Payloads.Runcase" tests="1" failures="0" timestamp="2020-01-06T13:04:23 IST" time="0.387" errors="0">
  <testcase name="testload" time="0.387" classname="JnJMater_Payloads.Runcase"/>
</testsuite> <!-- JnJMater_Payloads.Runcase -->
