<?xml version="1.0" encoding="UTF-8"?>
<!-- Generated by org.testng.reporters.JUnitReportReporter -->
<testsuite skipped="0" hostname="LT-1333" name="JnJMasters.getWarehouseStock" tests="1" failures="0" timestamp="2019-11-25T12:05:03 IST" time="4.898" errors="0">
  <testcase name="getStock" time="4.898" classname="JnJMasters.getWarehouseStock"/>
</testsuite> <!-- JnJMasters.getWarehouseStock -->
