<?xml version="1.0" encoding="UTF-8"?>
<!-- Generated by org.testng.reporters.JUnitReportReporter -->
<testsuite skipped="0" hostname="LT-1333" name="JnJMasters.SalesReturn" tests="1" failures="0" timestamp="2019-11-25T15:39:44 IST" time="6.045" errors="0">
  <testcase name="insertSalesReturn" time="6.045" classname="JnJMasters.SalesReturn"/>
</testsuite> <!-- JnJMasters.SalesReturn -->
