<?xml version="1.0" encoding="UTF-8"?>
<!-- Generated by org.testng.reporters.JUnitReportReporter -->
<testsuite hostname="LT-1136" name="MavenProject.GmailloginTest" tests="2" failures="0" timestamp="28 Jun 2019 09:34:58 GMT" time="0.000" errors="0">
  <testcase name="Trasactionsgmail" time="0.000" classname="MavenProject.GmailloginTest"/>
  <testcase name="loginpagegmail" time="0.000" classname="MavenProject.GmailloginTest"/>
</testsuite>
