<?xml version="1.0" encoding="UTF-8"?>
<!-- Generated by org.testng.reporters.JUnitReportReporter -->
<testsuite hostname="LT-1136" name="com.tests.Basics" tests="1" failures="0" timestamp="11 Sep 2019 12:43:35 GMT" time="5.812" errors="0">
  <testcase name="basictest" time="5.812" classname="com.tests.Basics"/>
</testsuite> <!-- com.tests.Basics -->
