<?xml version="1.0" encoding="UTF-8"?>
<!-- Generated by org.testng.reporters.JUnitReportReporter -->
<testsuite hostname="LT-1136" name="com.tests.Basics3" tests="1" failures="0" timestamp="12 Sep 2019 05:40:15 GMT" time="4.453" errors="0">
  <testcase name="addanddelete" time="4.453" classname="com.tests.Basics3"/>
</testsuite> <!-- com.tests.Basics3 -->
