<?xml version="1.0" encoding="UTF-8"?>
<!-- Generated by org.testng.reporters.JUnitReportReporter -->
<testsuite hostname="LT-1136" name="com.tests.Basics2" tests="1" failures="0" timestamp="12 Sep 2019 07:34:45 GMT" time="5.178" errors="0">
  <testcase name="postdata" time="5.178" classname="com.tests.Basics2"/>
</testsuite> <!-- com.tests.Basics2 -->
