<?xml version="1.0" encoding="UTF-8"?>
<!-- Generated by org.testng.reporters.JUnitReportReporter -->
<testsuite hostname="LT-1136" name="Rest.Basics2" tests="1" failures="0" timestamp="11 Sep 2019 07:56:13 GMT" time="5.316" errors="0">
  <testcase name="postdata" time="5.316" classname="Rest.Basics2"/>
</testsuite> <!-- Rest.Basics2 -->
