<?xml version="1.0" encoding="UTF-8"?>
<!-- Generated by org.testng.reporters.JUnitReportReporter -->
<testsuite hostname="LT-1136" name="com.tests.driven.DynamicJson" tests="1" failures="0" timestamp="12 Sep 2019 14:44:41 GMT" time="3.627" errors="0">
  <testcase name="addBook" time="3.627" classname="com.tests.driven.DynamicJson"/>
</testsuite> <!-- com.tests.driven.DynamicJson -->
