<?xml version="1.0" encoding="UTF-8"?>
<!-- Generated by org.testng.reporters.JUnitReportReporter -->
<testsuite hostname="LT-1136" name="com.tests.Basics4XML" tests="1" failures="0" timestamp="12 Sep 2019 06:46:19 GMT" time="4.710" errors="0">
  <testcase name="addanddelete" time="4.710" classname="com.tests.Basics4XML"/>
</testsuite> <!-- com.tests.Basics4XML -->
