<?xml version="1.0" encoding="UTF-8"?>
<!-- Generated by org.testng.reporters.JUnitReportReporter -->
<testsuite hostname="LT-1136" name="Rest.Basics" tests="1" failures="0" timestamp="11 Sep 2019 06:22:33 GMT" time="4.630" errors="0">
  <testcase name="basictest" time="4.630" classname="Rest.Basics"/>
</testsuite> <!-- Rest.Basics -->
