<?xml version="1.0" encoding="UTF-8"?>
<!-- Generated by org.testng.reporters.JUnitReportReporter -->
<testsuite hostname="LT-1136" name="com.tests.Basics3Json" tests="1" failures="0" timestamp="12 Sep 2019 11:15:58 GMT" time="4.101" errors="0">
  <testcase name="addanddelete" time="4.101" classname="com.tests.Basics3Json"/>
</testsuite> <!-- com.tests.Basics3Json -->
