<?xml version="1.0" encoding="UTF-8"?>
<!-- Generated by org.testng.reporters.JUnitReportReporter -->
<testsuite name="com.guru.testcases.TC_loginpage_001" tests="1" time="12.901" ignored="0" failures="0" timestamp="26 Jun 2019 09:48:45 GMT" skipped="0" hostname="LT-1136" errors="0">
  <testcase name="loginTest" time="12.901" classname="com.guru.testcases.TC_loginpage_001"/>
</testsuite> <!-- com.guru.testcases.TC_loginpage_001 -->
