<?xml version="1.0" encoding="UTF-8"?>
<!-- Generated by org.testng.reporters.JUnitReportReporter -->
<testsuite name="com.ivy.testcases.TC_loginpage_001" tests="1" time="6.628" ignored="0" failures="0" timestamp="03 Oct 2019 08:59:48 GMT" skipped="0" hostname="LT-1333" errors="0">
  <testcase name="loginpagetest" time="6.628" classname="com.ivy.testcases.TC_loginpage_001"/>
</testsuite> <!-- com.ivy.testcases.TC_loginpage_001 -->
