<?xml version="1.0" encoding="UTF-8"?>
<!-- Generated by org.testng.reporters.JUnitReportReporter -->
<testsuite name="com.ivy.testcases.TC_LocationAdd_001" tests="1" time="26.672" ignored="0" failures="0" timestamp="15 Nov 2019 07:48:09 GMT" skipped="0" hostname="LT-1333" errors="0">
  <testcase name="verifyLocationAdd" time="26.672" classname="com.ivy.testcases.TC_LocationAdd_001"/>
</testsuite> <!-- com.ivy.testcases.TC_LocationAdd_001 -->
