<?xml version="1.0" encoding="UTF-8"?>
<!-- Generated by org.testng.reporters.JUnitReportReporter -->
<testsuite name="com.ivy.testcases.TC_UserAddingUserManagement" tests="1" time="43.986" ignored="0" failures="0" timestamp="25 Sep 2019 11:18:58 GMT" skipped="0" hostname="LT-1136" errors="0">
  <testcase name="userMappingCase" time="43.986" classname="com.ivy.testcases.TC_UserAddingUserManagement"/>
</testsuite> <!-- com.ivy.testcases.TC_UserAddingUserManagement -->
