<?xml version="1.0" encoding="UTF-8"?>
<!-- Generated by org.testng.reporters.JUnitReportReporter -->
<testsuite name="com.ivy.testcases.TC_locationLink_001" tests="1" time="15.064" ignored="0" failures="0" timestamp="12 Nov 2019 06:36:15 GMT" skipped="0" hostname="LT-1333" errors="0">
  <testcase name="verifylocationLink" time="15.064" classname="com.ivy.testcases.TC_locationLink_001"/>
</testsuite> <!-- com.ivy.testcases.TC_locationLink_001 -->
