<?xml version="1.0" encoding="UTF-8"?>
<!-- Generated by org.testng.reporters.JUnitReportReporter -->
<testsuite name="com.ivy.testcases.TC_UserAddingUserManagement" tests="1" time="56.316" ignored="0" failures="0" timestamp="12 Nov 2019 06:36:15 GMT" skipped="0" hostname="LT-1333" errors="0">
  <testcase name="userMappingCase" time="56.316" classname="com.ivy.testcases.TC_UserAddingUserManagement"/>
</testsuite> <!-- com.ivy.testcases.TC_UserAddingUserManagement -->
