<?xml version="1.0" encoding="UTF-8"?>
<!-- Generated by org.testng.reporters.JUnitReportReporter -->
<testsuite name="com.ivy.testcases.TC_LocationNational_001" tests="1" time="29.560" ignored="0" failures="0" timestamp="19 Sep 2019 12:45:01 GMT" skipped="0" hostname="LT-1136" errors="0">
  <testcase name="verifyTerritory" time="29.560" classname="com.ivy.testcases.TC_LocationNational_001"/>
</testsuite> <!-- com.ivy.testcases.TC_LocationNational_001 -->
