<?xml version="1.0" encoding="UTF-8"?>
<!-- Generated by org.testng.reporters.JUnitReportReporter -->
<testsuite name="com.ivy.testcases.TC_loginpage_001" tests="1" time="11.651" ignored="0" failures="0" timestamp="18 Sep 2019 12:33:10 GMT" skipped="0" hostname="LT-1136" errors="0">
  <testcase name="loginpagetest" time="11.651" classname="com.ivy.testcases.TC_loginpage_001"/>
</testsuite> <!-- com.ivy.testcases.TC_loginpage_001 -->
