<?xml version="1.0" encoding="UTF-8"?>
<!-- Generated by org.testng.reporters.JUnitReportReporter -->
<testsuite name="com.ivy.testcases.TC_LocationAdd_001" tests="1" time="21.868" ignored="0" failures="0" timestamp="18 Sep 2019 12:37:51 GMT" skipped="0" hostname="LT-1136" errors="0">
  <testcase name="verifyLocationAdd" time="21.868" classname="com.ivy.testcases.TC_LocationAdd_001"/>
</testsuite> <!-- com.ivy.testcases.TC_LocationAdd_001 -->
