<?xml version="1.0" encoding="UTF-8"?>
<!-- Generated by org.testng.reporters.JUnitReportReporter -->
<testsuite name="com.ivy.utils.ExcelData2" tests="1" time="0.000" ignored="0" failures="0" timestamp="19 Sep 2019 05:55:50 GMT" skipped="1" hostname="LT-1136" errors="0">
  <testcase name="loginsetup" time="0.000" classname="com.ivy.utils.ExcelData2">
    <skipped/>
  </testcase> <!-- loginsetup -->
</testsuite> <!-- com.ivy.utils.ExcelData2 -->
