<?xml version="1.0" encoding="UTF-8"?>
<!-- Generated by org.testng.reporters.JUnitReportReporter -->
<testsuite name="com.ivy.testcases.TC_locationLink_001" tests="1" time="19.335" ignored="0" failures="0" timestamp="05 Sep 2019 07:33:27 GMT" skipped="0" hostname="LT-1136" errors="0">
  <testcase name="verifylocationLink" time="19.335" classname="com.ivy.testcases.TC_locationLink_001"/>
</testsuite> <!-- com.ivy.testcases.TC_locationLink_001 -->
