<?xml version="1.0" encoding="UTF-8"?>
<!-- Generated by org.testng.reporters.JUnitReportReporter -->
<testsuite name="Ivyproject.HomePage" tests="2" time="72.365" ignored="0" failures="0" timestamp="17 Jun 2019 10:39:10 GMT" skipped="0" hostname="LT-1136" errors="0">
  <testcase name="navigate" time="43.188" classname="Ivyproject.HomePage"/>
  <testcase name="navigate" time="29.177" classname="Ivyproject.HomePage"/>
</testsuite> <!-- Ivyproject.HomePage -->
