<?xml version="1.0" encoding="UTF-8"?>
<!-- Generated by org.testng.reporters.JUnitReportReporter -->
<testsuite name="Ivyproject.validateBar" tests="1" time="0.121" ignored="0" failures="0" timestamp="17 Jun 2019 10:39:10 GMT" skipped="0" hostname="LT-1136" errors="0">
  <testcase name="navbar" time="0.121" classname="Ivyproject.validateBar"/>
</testsuite> <!-- Ivyproject.validateBar -->
