<?xml version="1.0" encoding="UTF-8"?>
<!-- Generated by org.testng.reporters.JUnitReportReporter -->
<testsuite name="Ivyproject.HomePageTest" tests="2" time="46.860" ignored="0" failures="0" timestamp="22 Aug 2019 07:55:56 GMT" skipped="0" hostname="LT-1136" errors="0">
  <testcase name="navigate" time="28.647" classname="Ivyproject.HomePageTest"/>
  <testcase name="navigate" time="18.213" classname="Ivyproject.HomePageTest"/>
</testsuite> <!-- Ivyproject.HomePageTest -->
