<?xml version="1.0" encoding="UTF-8"?>
<!-- Generated by org.testng.reporters.JUnitReportReporter -->
<testsuite name="Ivyproject.ValidateTitle" tests="1" time="0.081" ignored="0" failures="0" timestamp="17 Jun 2019 10:39:10 GMT" skipped="0" hostname="LT-1136" errors="0">
  <testcase name="titlename" time="0.081" classname="Ivyproject.ValidateTitle"/>
</testsuite> <!-- Ivyproject.ValidateTitle -->
