<?xml version="1.0" encoding="UTF-8"?>
<!-- Generated by org.testng.reporters.JUnitReportReporter -->
<testsuite name="Ivyproject.validateBarTest" tests="1" time="0.070" ignored="0" failures="0" timestamp="28 Jun 2019 08:56:26 GMT" skipped="0" hostname="LT-1136" errors="0">
  <testcase name="navbar" time="0.070" classname="Ivyproject.validateBarTest"/>
</testsuite> <!-- Ivyproject.validateBarTest -->
