<?xml version="1.0" encoding="UTF-8"?>
<!-- Generated by org.testng.reporters.JUnitReportReporter -->
<testsuite name="com.crm.tests.TC_loginpage_001" tests="1" time="28.325" ignored="0" failures="0" timestamp="22 Jul 2019 09:22:38 GMT" skipped="0" hostname="LT-1136" errors="0">
  <testcase name="loginTest" time="28.325" classname="com.crm.tests.TC_loginpage_001"/>
</testsuite> <!-- com.crm.tests.TC_loginpage_001 -->
