<?xml version="1.0" encoding="UTF-8"?>
<!-- Generated by org.testng.reporters.JUnitReportReporter -->
<testsuite hostname="LT-1136" name="seleniumDemo.Dropdowndemo_Sorting" tests="1" failures="0" timestamp="17 Sep 2019 12:50:32 GMT" time="32.838" errors="0">
  <testcase name="selectvalues" time="32.838" classname="seleniumDemo.Dropdowndemo_Sorting"/>
</testsuite> <!-- seleniumDemo.Dropdowndemo_Sorting -->
