<?xml version="1.0" encoding="UTF-8"?>
<!-- Generated by org.testng.reporters.JUnitReportReporter -->
<testsuite skipped="0" hostname="LT-1333" name="seleniumDemo.Dropdowndemo_Sorting2" tests="1" failures="0" timestamp="2019-10-22T20:04:24 IST" time="14.225" errors="0">
  <testcase name="selectvalues" time="14.225" classname="seleniumDemo.Dropdowndemo_Sorting2"/>
</testsuite> <!-- seleniumDemo.Dropdowndemo_Sorting2 -->
