<?xml version="1.0" encoding="UTF-8"?>
<!-- Generated by org.testng.reporters.JUnitReportReporter -->
<testsuite skipped="0" hostname="LT-1333" name="seleniumdemo4.Multiplewindow4" tests="1" failures="0" timestamp="2019-10-10T15:58:30 IST" time="10.756" errors="0">
  <testcase name="TestPopUp" time="10.756" classname="seleniumdemo4.Multiplewindow4"/>
</testsuite> <!-- seleniumdemo4.Multiplewindow4 -->
