<?xml version="1.0" encoding="UTF-8"?>
<!-- Generated by org.testng.reporters.JUnitReportReporter -->
<testsuite hostname="LT-1136" name="seleniumdemo4.Actions_slider" tests="1" failures="0" timestamp="8 Jul 2019 11:12:20 GMT" time="43.834" errors="0">
  <testcase name="slider" time="43.834" classname="seleniumdemo4.Actions_slider"/>
</testsuite> <!-- seleniumdemo4.Actions_slider -->
