<?xml version="1.0" encoding="UTF-8"?>
<!-- Generated by org.testng.reporters.JUnitReportReporter -->
<testsuite skipped="0" hostname="LT-1136" name="com.gmail.testcases.Wordpresslogin" tests="1" failures="0" timestamp="26 Mar 2019 12:55:49 GMT" time="22.255" errors="0">
  <testcase name="Verifylogin" time="22.255" classname="com.gmail.testcases.Wordpresslogin"/>
</testsuite> <!-- com.gmail.testcases.Wordpresslogin -->
