<?xml version="1.0" encoding="UTF-8"?>
<!-- Generated by org.testng.reporters.JUnitReportReporter -->
<testsuite hostname="LT-1136" name="seleniumDemo.Dropdowndemo_Sorting2" tests="1" failures="0" timestamp="17 Sep 2019 16:27:53 GMT" time="24.271" errors="0">
  <testcase name="selectvalues" time="24.271" classname="seleniumDemo.Dropdowndemo_Sorting2"/>
</testsuite> <!-- seleniumDemo.Dropdowndemo_Sorting2 -->
