<?xml version="1.0" encoding="UTF-8"?>
<!-- Generated by org.testng.reporters.JUnitReportReporter -->
<testsuite hostname="LT-1136" name="seleniumdemo5.FailedCases2" tests="1" failures="0" timestamp="30 Apr 2019 12:14:04 GMT" time="0.001" errors="0">
  <testcase name="Testing" time="0.001" classname="seleniumdemo5.FailedCases2"/>
</testsuite> <!-- seleniumdemo5.FailedCases2 -->
