<?xml version="1.0" encoding="UTF-8"?>
<!-- Generated by org.testng.reporters.JUnitReportReporter -->
<testsuite hostname="LT-1136" name="seleniumdemo4.Multiplewindow" tests="1" failures="0" timestamp="3 Apr 2019 08:20:04 GMT" time="25.420" errors="0">
  <testcase name="TestPopUp" time="25.420" classname="seleniumdemo4.Multiplewindow"/>
</testsuite> <!-- seleniumdemo4.Multiplewindow -->
