<?xml version="1.0" encoding="UTF-8"?>
<!-- Generated by org.testng.reporters.JUnitReportReporter -->
<testsuite hostname="LT-1136" name="seleniumdemo5.FailedCases" tests="1" failures="0" timestamp="30 Apr 2019 12:14:04 GMT" time="0.089" errors="0">
  <testcase name="Testing" time="0.089" classname="seleniumdemo5.FailedCases"/>
</testsuite> <!-- seleniumdemo5.FailedCases -->
