<?xml version="1.0" encoding="UTF-8"?>
<!-- Generated by org.testng.reporters.JUnitReportReporter -->
<testsuite hostname="LT-1136" name="seleniumdemo4.Multiplewindow4" tests="1" failures="0" timestamp="8 Jul 2019 12:11:57 GMT" time="17.649" errors="0">
  <testcase name="TestPopUp" time="17.649" classname="seleniumdemo4.Multiplewindow4"/>
</testsuite> <!-- seleniumdemo4.Multiplewindow4 -->
