<?xml version="1.0" encoding="UTF-8"?>
<!-- Generated by org.testng.reporters.JUnitReportReporter -->
<testsuite hostname="LT-1136" name="seleniumDemo.Dropdowndemo" tests="1" failures="0" timestamp="2 Jul 2019 13:01:57 GMT" time="31.617" errors="0">
  <testcase name="selectvalues" time="31.617" classname="seleniumDemo.Dropdowndemo"/>
</testsuite> <!-- seleniumDemo.Dropdowndemo -->
